
> ecommerce_frontend@0.1.0 start
> next start -p 3001

ready - started server on 0.0.0.0:3001, url: http://localhost:3001
info  - Loaded env from /home/inara/ecommerce/nodeEnv/ecommerce_website/.env
Section09 { Reviews: [], items: [] }
Data3 { data1: [], data2: [], data3: [], data4: [], data5: [], data6: [] }
byundle {
  data: [
    {
      id: 5,
      extPosId: 0,
      extPosParentId: null,
      parentId: null,
      name: 'Dawlance',
      slug: 'dawlance',
      description: null,
      icon: '/media/category_icon/dawlance.png',
      appliesOnline: 0,
      syncTs: null,
      metaUrl: null,
      metaTitle: 'Dawlance meta title',
      metaDescription: 'Dawlance meta descriptions',
      isBrand: true,
      posType: 1,
      status: 1
    }
  ]
}
footer data null

> ecommerce_frontend@0.1.0 start
> next start -p 3001

ready - started server on 0.0.0.0:3001, url: http://localhost:3001
info  - Loaded env from /home/inara/ecommerce/nodeEnv/ecommerce_website/.env
Section09 { Reviews: [], items: [] }
Data3 { data1: [], data2: [], data3: [], data4: [], data5: [], data6: [] }
byundle {
  data: [
    {
      id: 5,
      extPosId: 0,
      extPosParentId: null,
      parentId: null,
      name: 'Dawlance',
      slug: 'dawlance',
      description: null,
      icon: '/media/category_icon/dawlance.png',
      appliesOnline: 0,
      syncTs: null,
      metaUrl: null,
      metaTitle: 'Dawlance meta title',
      metaDescription: 'Dawlance meta descriptions',
      isBrand: true,
      posType: 1,
      status: 1
    }
  ]
}
footer data null

> ecommerce_frontend@0.1.0 start
> next start -p 3001

Error: listen EADDRINUSE: address already in use 0.0.0.0:3001
    at Server.setupListenHandle [as _listen2] (node:net:1829:16)
    at listenInCluster (node:net:1877:12)
    at doListen (node:net:2026:7)
    at process.processTicksAndRejections (node:internal/process/task_queues:83:21) {
  code: 'EADDRINUSE',
  errno: -98,
  syscall: 'listen',
  address: '0.0.0.0',
  port: 3001
}

> ecommerce_frontend@0.1.0 start
> next start -p 3001

Error: listen EADDRINUSE: address already in use 0.0.0.0:3001
    at Server.setupListenHandle [as _listen2] (node:net:1829:16)
    at listenInCluster (node:net:1877:12)
    at doListen (node:net:2026:7)
    at process.processTicksAndRejections (node:internal/process/task_queues:83:21) {
  code: 'EADDRINUSE',
  errno: -98,
  syscall: 'listen',
  address: '0.0.0.0',
  port: 3001
}

> ecommerce_frontend@0.1.0 start
> next start -p 3001

Error: listen EADDRINUSE: address already in use 0.0.0.0:3001
    at Server.setupListenHandle [as _listen2] (node:net:1829:16)
    at listenInCluster (node:net:1877:12)
    at doListen (node:net:2026:7)
    at process.processTicksAndRejections (node:internal/process/task_queues:83:21) {
  code: 'EADDRINUSE',
  errno: -98,
  syscall: 'listen',
  address: '0.0.0.0',
  port: 3001
}

> ecommerce_frontend@0.1.0 start
> next start -p 3001

Error: listen EADDRINUSE: address already in use 0.0.0.0:3001
    at Server.setupListenHandle [as _listen2] (node:net:1829:16)
    at listenInCluster (node:net:1877:12)
    at doListen (node:net:2026:7)
    at process.processTicksAndRejections (node:internal/process/task_queues:83:21) {
  code: 'EADDRINUSE',
  errno: -98,
  syscall: 'listen',
  address: '0.0.0.0',
  port: 3001
}
